Using pre-set license
Built from '2020.3/staging' branch; Version is '2020.3.28f1 (f5400f52e03f) revision 16072719'; Using compiler version '192528614'; Build Type 'Release'
OS: 'Windows 10  (10.0.19041) 64bit Enterprise' Language: 'ru' Physical Memory: 8135 MB
BatchMode: 1, IsHumanControllingUs: 0, StartBugReporterOnCrash: 0, Is64bit: 1, IsPro: 0

COMMAND LINE ARGUMENTS:
D:\Program Files\2020.3.28f1\Editor\Unity.exe
-adb2
-batchMode
-noUpm
-name
AssetImportWorker0
-projectPath
D:/GitHub/project-fa
-logFile
Logs/AssetImportWorker0.log
-srvPort
57550
Successfully changed project path to: D:/GitHub/project-fa
D:/GitHub/project-fa
Using Asset Import Pipeline V2.
Refreshing native plugins compatible for Editor in 585.13 ms, found 2 plugins.
Preloading 0 native plugins for Editor in 0.00 ms.
Initialize engine version: 2020.3.28f1 (f5400f52e03f)
[Subsystems] Discovering subsystems at path D:/Program Files/2020.3.28f1/Editor/Data/Resources/UnitySubsystems
[Subsystems] Discovering subsystems at path D:/GitHub/project-fa/Assets
GfxDevice: creating device client; threaded=0
Direct3D:
    Version:  Direct3D 11.0 [level 11.1]
    Renderer: Radeon RX550/550 Series (ID=0x699f)
    Vendor:   
    VRAM:     4076 MB
    Driver:   27.20.1034.6
Initialize mono
Mono path[0] = 'D:/Program Files/2020.3.28f1/Editor/Data/Managed'
Mono path[1] = 'D:/Program Files/2020.3.28f1/Editor/Data/MonoBleedingEdge/lib/mono/unityjit'
Mono config path = 'D:/Program Files/2020.3.28f1/Editor/Data/MonoBleedingEdge/etc'
Using monoOptions --debugger-agent=transport=dt_socket,embedding=1,server=y,suspend=n,address=127.0.0.1:56280
Begin MonoManager ReloadAssembly
Registering precompiled unity dll's ...
Register platform support module: D:/Program Files/2020.3.28f1/Editor/Data/PlaybackEngines/WebGLSupport/UnityEditor.WebGL.Extensions.dll
Register platform support module: D:/Program Files/2020.3.28f1/Editor/Data/PlaybackEngines/WindowsStandaloneSupport/UnityEditor.WindowsStandalone.Extensions.dll
Registered in 0.003028 seconds.
Could not allocate 74968 (1 * 74968) bytes
Crash!!!
  ERROR: Error while initializing dbghelp.dll, GetLastError: 'Операция успешно завершена.' (Address: 0000000000000000)

========== OUTPUTTING STACK TRACE ==================

SymInit: Symbol-SearchPath: 'D:/Program Files/2020.3.28f1/Editor/Data/Mono;.;D:\GitHub\project-fa;D:\Program Files\2020.3.28f1\Editor;C:\WINDOWS;C:\WINDOWS\system32;SRV*C:\websymbols*http://msdl.microsoft.com/download/symbols;', symOptions: 534, UserName: 'Zyf'
OS-Version: 10.0.0
D:\Program Files\2020.3.28f1\Editor\Unity.exe:Unity.exe (00007FF728E10000), size: 83247104 (result: 0), SymType: '-deferred-', PDB: '', fileVersion: 2020.3.28.16399
C:\WINDOWS\SYSTEM32\ntdll.dll:ntdll.dll (00007FFD17F10000), size: 2052096 (result: 0), SymType: '-deferred-', PDB: '', fileVersion: 10.0.19041.1288
C:\WINDOWS\System32\KERNEL32.DLL:KERNEL32.DLL (00007FFD17050000), size: 778240 (result: 0), SymType: '-deferred-', PDB: '', fileVersion: 10.0.19041.1202
C:\WINDOWS\System32\KERNELBASE.dll:KERNELBASE.dll (00007FFD15730000), size: 2920448 (result: 0), SymType: '-deferred-', PDB: '', fileVersion: 10.0.19041.1202
C:\WINDOWS\System32\CRYPT32.dll:CRYPT32.dll (00007FFD15C20000), size: 1400832 (result: 0), SymType: '-deferred-', PDB: '', fileVersion: 10.0.19041.1202
C:\WINDOWS\System32\ucrtbase.dll:ucrtbase.dll (00007FFD15EC0000), size: 1048576 (result: 0), SymType: '-deferred-', PDB: '', fileVersion: 10.0.19041.789
C:\WINDOWS\System32\USER32.dll:USER32.dll (00007FFD17260000), size: 1708032 (result: 0), SymType: '-deferred-', PDB: '', fileVersion: 10.0.19041.1202
C:\WINDOWS\System32\win32u.dll:win32u.dll (00007FFD15E90000), size: 139264 (result: 0), SymType: '-deferred-', PDB: '', fileVersion: 10.0.19041.1288
C:\WINDOWS\System32\GDI32.dll:GDI32.dll (00007FFD15FC0000), size: 176128 (result: 0), SymType: '-deferred-', PDB: '', fileVersion: 10.0.19041.1202
C:\WINDOWS\System32\gdi32full.dll:gdi32full.dll (00007FFD15D80000), size: 1093632 (result: 0), SymType: '-deferred-', PDB: '', fileVersion: 10.0.19041.1110
C:\WINDOWS\System32\msvcp_win.dll:msvcp_win.dll (00007FFD15690000), size: 643072 (result: 0), SymType: '-deferred-', PDB: '', fileVersion: 10.0.19041.789
C:\WINDOWS\System32\ADVAPI32.dll:ADVAPI32.dll (00007FFD17C60000), size: 704512 (result: 0), SymType: '-deferred-', PDB: '', fileVersion: 10.0.19041.1052
C:\WINDOWS\System32\msvcrt.dll:msvcrt.dll (00007FFD17BB0000), size: 647168 (result: 0), SymType: '-deferred-', PDB: '', fileVersion: 7.0.19041.546
C:\WINDOWS\System32\sechost.dll:sechost.dll (00007FFD171C0000), size: 634880 (result: 0), SymType: '-deferred-', PDB: '', fileVersion: 10.0.19041.906
C:\WINDOWS\System32\RPCRT4.dll:RPCRT4.dll (00007FFD161B0000), size: 1220608 (result: 0), SymType: '-deferred-', PDB: '', fileVersion: 10.0.19041.1288
C:\WINDOWS\System32\SHELL32.dll:SHELL32.dll (00007FFD17410000), size: 7598080 (result: 0), SymType: '-deferred-', PDB: '', fileVersion: 10.0.19041.1266
C:\WINDOWS\System32\SHLWAPI.dll:SHLWAPI.dll (00007FFD17B50000), size: 348160 (result: 0), SymType: '-deferred-', PDB: '', fileVersion: 10.0.19041.1023
C:\WINDOWS\System32\ole32.dll:ole32.dll (00007FFD16080000), size: 1220608 (result: 0), SymType: '-deferred-', PDB: '', fileVersion: 10.0.19041.1202
C:\WINDOWS\System32\combase.dll:combase.dll (00007FFD16A00000), size: 3493888 (result: 0), SymType: '-deferred-', PDB: '', fileVersion: 10.0.19041.1288
C:\WINDOWS\System32\IMM32.dll:IMM32.dll (00007FFD16760000), size: 196608 (result: 0), SymType: '-deferred-', PDB: '', fileVersion: 10.0.19041.546
C:\WINDOWS\System32\SETUPAPI.dll:SETUPAPI.dll (00007FFD162E0000), size: 4661248 (result: 0), SymType: '-deferred-', PDB: '', fileVersion: 10.0.19041.1237
C:\WINDOWS\System32\cfgmgr32.dll:cfgmgr32.dll (00007FFD15A90000), size: 319488 (result: 0), SymType: '-deferred-', PDB: '', fileVersion: 10.0.19041.1151
C:\WINDOWS\System32\bcrypt.dll:bcrypt.dll (00007FFD15A60000), size: 159744 (result: 0), SymType: '-deferred-', PDB: '', fileVersion: 10.0.19041.1023
C:\WINDOWS\System32\WS2_32.dll:WS2_32.dll (00007FFD15FF0000), size: 438272 (result: 0), SymType: '-deferred-', PDB: '', fileVersion: 10.0.19041.546
C:\WINDOWS\System32\OLEAUT32.dll:OLEAUT32.dll (00007FFD16930000), size: 839680 (result: 0), SymType: '-deferred-', PDB: '', fileVersion: 10.0.19041.985
C:\WINDOWS\System32\WINTRUST.dll:WINTRUST.dll (00007FFD15A00000), size: 393216 (result: 0), SymType: '-deferred-', PDB: '', fileVersion: 10.0.19041.1266
D:\Program Files\2020.3.28f1\Editor\libfbxsdk.dll:libfbxsdk.dll (00007FFCDB4C0000), size: 10215424 (result: 0), SymType: '-deferred-', PDB: '', fileVersion: 2020.2.0.0
D:\Program Files\2020.3.28f1\Editor\optix.6.0.0.dll:optix.6.0.0.dll (00007FFD10DA0000), size: 208896 (result: 0), SymType: '-deferred-', PDB: '', fileVersion: 6.0.0.0
D:\Program Files\2020.3.28f1\Editor\OpenImageDenoise.dll:OpenImageDenoise.dll (00007FFCA7F10000), size: 43806720 (result: 0), SymType: '-deferred-', PDB: ''
D:\Program Files\2020.3.28f1\Editor\umbraoptimizer64.dll:umbraoptimizer64.dll (00007FFCDB380000), size: 1306624 (result: 0), SymType: '-deferred-', PDB: ''
C:\WINDOWS\System32\WLDAP32.dll:WLDAP32.dll (00007FFD16E90000), size: 352256 (result: 0), SymType: '-deferred-', PDB: '', fileVersion: 10.0.19041.546
C:\WINDOWS\System32\Normaliz.dll:Normaliz.dll (00007FFD17C50000), size: 32768 (result: 0), SymType: '-deferred-', PDB: '', fileVersion: 10.0.19041.546
D:\Program Files\2020.3.28f1\Editor\FreeImage.dll:FreeImage.dll (0000000180000000), size: 6582272 (result: 0), SymType: '-deferred-', PDB: '', fileVersion: 3.18.0.0
D:\Program Files\2020.3.28f1\Editor\ispc_texcomp.dll:ispc_texcomp.dll (00007FFCB8A40000), size: 1609728 (result: 0), SymType: '-deferred-', PDB: ''
D:\Program Files\2020.3.28f1\Editor\WinPixEventRuntime.dll:WinPixEventRuntime.dll (00007FFD12EC0000), size: 45056 (result: 0), SymType: '-deferred-', PDB: '', fileVersion: 1.0.1812.6001
C:\WINDOWS\SYSTEM32\OPENGL32.dll:OPENGL32.dll (00007FFCDF5F0000), size: 1200128 (result: 0), SymType: '-deferred-', PDB: '', fileVersion: 10.0.19041.1081
C:\WINDOWS\SYSTEM32\GLU32.dll:GLU32.dll (00007FFCDEBE0000), size: 180224 (result: 0), SymType: '-deferred-', PDB: '', fileVersion: 10.0.19041.1081
C:\WINDOWS\SYSTEM32\IPHLPAPI.DLL:IPHLPAPI.DLL (00007FFD14AE0000), size: 241664 (result: 0), SymType: '-deferred-', PDB: '', fileVersion: 10.0.19041.546
C:\WINDOWS\SYSTEM32\WINHTTP.dll:WINHTTP.dll (00007FFD04560000), size: 1081344 (result: 8), SymType: '-unknown-', PDB: '', fileVersion: 10.0.19041.1151
  ERROR: LoadModule, GetLastError: 'Недостаточно ресурсов памяти для обработки этой команды.' (Address: 0000000000000000)
C:\WINDOWS\SYSTEM32\WINMM.dll:WINMM.dll (00007FFD0EA10000), size: 159744 (result: 8), SymType: '-unknown-', PDB: '', fileVersion: 10.0.19041.546
  ERROR: LoadModule, GetLastError: 'Недостаточно ресурсов памяти для обработки этой команды.' (Address: 0000000000000000)
C:\WINDOWS\SYSTEM32\HID.DLL:HID.DLL (00007FFD13F40000), size: 53248 (result: 0), SymType: '-deferred-', PDB: '', fileVersion: 10.0.19041.546
D:\Program Files\2020.3.28f1\Editor\RadeonImageFilters.dll:RadeonImageFilters.dll (00007FFCB55D0000), size: 2535424 (result: 0), SymType: '-deferred-', PDB: '', fileVersion: 1.5.1.0
D:\Program Files\2020.3.28f1\Editor\SketchUpAPI.dll:SketchUpAPI.dll (00007FFCA7680000), size: 8978432 (result: 0), SymType: '-deferred-', PDB: '', fileVersion: 19.0.753.0
C:\WINDOWS\SYSTEM32\VERSION.dll:VERSION.dll (00007FFD0EA40000), size: 40960 (result: 0), SymType: '-deferred-', PDB: '', fileVersion: 10.0.19041.546
C:\WINDOWS\SYSTEM32\WSOCK32.dll:WSOCK32.dll (00007FFD126F0000), size: 36864 (result: 0), SymType: '-deferred-', PDB: '', fileVersion: 10.0.19041.1
D:\Program Files\2020.3.28f1\Editor\tbb.dll:tbb.dll (00007FFCEDF80000), size: 413696 (result: 0), SymType: '-deferred-', PDB: '', fileVersion: 2017.0.2016.1004
C:\WINDOWS\SYSTEM32\VCRUNTIME140.dll:VCRUNTIME140.dll (00007FFD12EA0000), size: 106496 (result: 0), SymType: '-deferred-', PDB: '', fileVersion: 14.28.29913.0
C:\WINDOWS\SYSTEM32\MSVCP140.dll:MSVCP140.dll (00007FFCE67A0000), size: 577536 (result: 0), SymType: '-deferred-', PDB: '', fileVersion: 14.28.29913.0
D:\Program Files\2020.3.28f1\Editor\SketchUpCommonPreferences.dll:SketchUpCommonPreferences.dll (00007FFCDB300000), size: 483328 (result: 0), SymType: '-deferred-', PDB: '', fileVersion: 19.0.753.20342
C:\WINDOWS\SYSTEM32\Secur32.dll:Secur32.dll (00007FFD08FE0000), size: 49152 (result: 0), SymType: '-deferred-', PDB: '', fileVersion: 10.0.19041.546
C:\WINDOWS\SYSTEM32\MSVCP120.dll:MSVCP120.dll (00007FFCD3EB0000), size: 679936 (result: 0), SymType: '-deferred-', PDB: '', fileVersion: 12.0.40660.0
C:\WINDOWS\SYSTEM32\MSVCR120.dll:MSVCR120.dll (00007FFCC36B0000), size: 978944 (result: 0), SymType: '-deferred-', PDB: '', fileVersion: 12.0.40660.0
C:\WINDOWS\SYSTEM32\VCRUNTIME140_1.dll:VCRUNTIME140_1.dll (00007FFD126E0000), size: 49152 (result: 0), SymType: '-deferred-', PDB: '', fileVersion: 14.28.29913.0
C:\WINDOWS\SYSTEM32\SSPICLI.DLL:SSPICLI.DLL (00007FFD15580000), size: 200704 (result: 0), SymType: '-deferred-', PDB: '', fileVersion: 10.0.19041.1266
D:\Program Files\2020.3.28f1\Editor\OpenRL.dll:OpenRL.dll (00000262370C0000), size: 12779520 (result: 0), SymType: '-deferred-', PDB: '', fileVersion: 1.5.0.2907
C:\WINDOWS\SYSTEM32\MSVCP100.dll:MSVCP100.dll (0000000068760000), size: 622592 (result: 0), SymType: '-deferred-', PDB: '', fileVersion: 10.0.40219.325
C:\WINDOWS\SYSTEM32\MSVCR100.dll:MSVCR100.dll (0000000068800000), size: 860160 (result: 0), SymType: '-deferred-', PDB: '', fileVersion: 10.0.40219.325
D:\Program Files\2020.3.28f1\Editor\embree.dll:embree.dll (00007FFCA6690000), size: 16711680 (result: 0), SymType: '-deferred-', PDB: '', fileVersion: 2.14.0.0
C:\WINDOWS\SYSTEM32\MSWSOCK.DLL:MSWSOCK.DLL (00007FFD14E40000), size: 434176 (result: 0), SymType: '-deferred-', PDB: '', fileVersion: 10.0.19041.546
D:\Program Files\2020.3.28f1\Editor\OpenRL_pthread.dll:OpenRL_pthread.dll (0000026237D10000), size: 61440 (result: 0), SymType: '-deferred-', PDB: '', fileVersion: 2.9.0.0
C:\WINDOWS\SYSTEM32\MSASN1.dll:MSASN1.dll (00007FFD15270000), size: 73728 (result: 0), SymType: '-deferred-', PDB: '', fileVersion: 10.0.19041.546
C:\WINDOWS\SYSTEM32\kernel.appcore.dll:kernel.appcore.dll (00007FFD135B0000), size: 73728 (result: 0), SymType: '-deferred-', PDB: '', fileVersion: 10.0.19041.546
C:\WINDOWS\System32\bcryptPrimitives.dll:bcryptPrimitives.dll (00007FFD15B90000), size: 536576 (result: 0), SymType: '-deferred-', PDB: '', fileVersion: 10.0.19041.1202
C:\WINDOWS\system32\uxtheme.dll:uxtheme.dll (00007FFD130D0000), size: 647168 (result: 0), SymType: '-deferred-', PDB: '', fileVersion: 10.0.19041.1266
C:\WINDOWS\System32\shcore.dll:shcore.dll (00007FFD16790000), size: 708608 (result: 0), SymType: '-deferred-', PDB: '', fileVersion: 10.0.19041.1266
C:\WINDOWS\SYSTEM32\windows.storage.dll:windows.storage.dll (00007FFD137B0000), size: 7929856 (result: 0), SymType: '-deferred-', PDB: '', fileVersion: 10.0.19041.1266
C:\WINDOWS\SYSTEM32\Wldp.dll:Wldp.dll (00007FFD150E0000), size: 180224 (result: 0), SymType: '-deferred-', PDB: '', fileVersion: 10.0.19041.662
C:\WINDOWS\SYSTEM32\profapi.dll:profapi.dll (00007FFD155D0000), size: 126976 (result: 0), SymType: '-deferred-', PDB: '', fileVersion: 10.0.19041.844
C:\WINDOWS\System32\NSI.dll:NSI.dll (00007FFD16D60000), size: 32768 (result: 8), SymType: '-unknown-', PDB: '', fileVersion: 10.0.19041.610
  ERROR: LoadModule, GetLastError: 'Недостаточно ресурсов памяти для обработки этой команды.' (Address: 0000000000000000)
C:\WINDOWS\SYSTEM32\dhcpcsvc6.DLL:dhcpcsvc6.DLL (00007FFD0C810000), size: 94208 (result: 0), SymType: '-deferred-', PDB: '', fileVersion: 10.0.19041.546
C:\WINDOWS\SYSTEM32\dhcpcsvc.DLL:dhcpcsvc.DLL (00007FFD0C980000), size: 118784 (result: 0), SymType: '-deferred-', PDB: '', fileVersion: 10.0.19041.546
C:\WINDOWS\SYSTEM32\DNSAPI.dll:DNSAPI.dll (00007FFD14B20000), size: 835584 (result: 0), SymType: '-deferred-', PDB: '', fileVersion: 10.0.19041.1266
C:\WINDOWS\System32\fwpuclnt.dll:fwpuclnt.dll (00007FFCF46D0000), size: 520192 (result: 0), SymType: '-deferred-', PDB: '', fileVersion: 10.0.19041.1266
C:\Windows\System32\rasadhlp.dll:rasadhlp.dll (00007FFCF53D0000), size: 40960 (result: 8), SymType: '-unknown-', PDB: '', fileVersion: 10.0.19041.546
  ERROR: LoadModule, GetLastError: 'Недостаточно ресурсов памяти для обработки этой команды.' (Address: 0000000000000000)
D:\Program Files\2020.3.28f1\Editor\Data\Tools\astcenc-sse42.dll:astcenc-sse42.dll (00007FFCBAFD0000), size: 557056 (result: 8), SymType: '-unknown-', PDB: ''
  ERROR: LoadModule, GetLastError: 'Недостаточно ресурсов памяти для обработки этой команды.' (Address: 0000000000000000)
C:\WINDOWS\System32\clbcatq.dll:clbcatq.dll (00007FFD17110000), size: 692224 (result: 8), SymType: '-unknown-', PDB: '', fileVersion: 2001.12.10941.16384
  ERROR: LoadModule, GetLastError: 'Недостаточно ресурсов памяти для обработки этой команды.' (Address: 0000000000000000)
C:\WINDOWS\System32\netprofm.dll:netprofm.dll (00007FFD10920000), size: 253952 (result: 8), SymType: '-unknown-', PDB: '', fileVersion: 10.0.19041.906
  ERROR: LoadModule, GetLastError: 'Недостаточно ресурсов памяти для обработки этой команды.' (Address: 0000000000000000)
C:\WINDOWS\System32\npmproxy.dll:npmproxy.dll (00007FFD067E0000), size: 65536 (result: 8), SymType: '-unknown-', PDB: '', fileVersion: 10.0.19041.906
  ERROR: LoadModule, GetLastError: 'Недостаточно ресурсов памяти для обработки этой команды.' (Address: 0000000000000000)
C:\WINDOWS\SYSTEM32\d3d11.dll:d3d11.dll (00007FFD120F0000), size: 2506752 (result: 8), SymType: '-unknown-', PDB: '', fileVersion: 10.0.19041.1202
  ERROR: LoadModule, GetLastError: 'Недостаточно ресурсов памяти для обработки этой команды.' (Address: 0000000000000000)
C:\WINDOWS\SYSTEM32\dxgi.dll:dxgi.dll (00007FFD13F80000), size: 999424 (result: 0), SymType: '-deferred-', PDB: '', fileVersion: 10.0.19041.1266
C:\WINDOWS\System32\DriverStore\FileRepository\c0360470.inf_amd64_b06c374aee20d185\B360357\aticfx64.dll:aticfx64.dll (00007FFD0EA50000), size: 1945600 (result: 8), SymType: '-unknown-', PDB: '', fileVersion: 27.20.1034.6
  ERROR: LoadModule, GetLastError: 'Недостаточно ресурсов памяти для обработки этой команды.' (Address: 0000000000000000)
C:\WINDOWS\System32\DriverStore\FileRepository\c0360470.inf_amd64_b06c374aee20d185\B360357\atiuxp64.dll:atiuxp64.dll (00007FFD0E8D0000), size: 229376 (result: 8), SymType: '-unknown-', PDB: '', fileVersion: 27.20.1034.6
  ERROR: LoadModule, GetLastError: 'Недостаточно ресурсов памяти для обработки этой команды.' (Address: 0000000000000000)
C:\WINDOWS\System32\DriverStore\FileRepository\c0360470.inf_amd64_b06c374aee20d185\B360357\atidxx64.dll:atidxx64.dll (00007FFD0CF00000), size: 26214400 (result: 8), SymType: '-unknown-', PDB: '', fileVersion: 27.20.1034.6
  ERROR: LoadModule, GetLastError: 'Недостаточно ресурсов памяти для обработки этой команды.' (Address: 0000000000000000)
C:\WINDOWS\SYSTEM32\apphelp.dll:apphelp.dll (00007FFD12FD0000), size: 589824 (result: 8), SymType: '-unknown-', PDB: '', fileVersion: 10.0.19041.928
  ERROR: LoadModule, GetLastError: 'Недостаточно ресурсов памяти для обработки этой команды.' (Address: 0000000000000000)
C:\WINDOWS\SYSTEM32\amdihk64.dll:amdihk64.dll (00007FFD0C9A0000), size: 192512 (result: 8), SymType: '-unknown-', PDB: '', fileVersion: 2.0.0.1788
  ERROR: LoadModule, GetLastError: 'Недостаточно ресурсов памяти для обработки этой команды.' (Address: 0000000000000000)
C:\WINDOWS\SYSTEM32\dxcore.dll:dxcore.dll (00007FFD0ECA0000), size: 241664 (result: 8), SymType: '-unknown-', PDB: '', fileVersion: 10.0.19041.546
  ERROR: LoadModule, GetLastError: 'Недостаточно ресурсов памяти для обработки этой команды.' (Address: 0000000000000000)
C:\WINDOWS\system32\wbem\wbemprox.dll:wbemprox.dll (00007FFCF8850000), size: 69632 (result: 8), SymType: '-unknown-', PDB: '', fileVersion: 10.0.19041.1081
  ERROR: LoadModule, GetLastError: 'Недостаточно ресурсов памяти для обработки этой команды.' (Address: 0000000000000000)
C:\WINDOWS\SYSTEM32\wbemcomn.dll:wbemcomn.dll (00007FFCF87B0000), size: 598016 (result: 8), SymType: '-unknown-', PDB: '', fileVersion: 10.0.19041.1081
  ERROR: LoadModule, GetLastError: 'Недостаточно ресурсов памяти для обработки этой команды.' (Address: 0000000000000000)
C:\WINDOWS\system32\wbem\wbemsvc.dll:wbemsvc.dll (00007FFCF7EC0000), size: 81920 (result: 8), SymType: '-unknown-', PDB: '', fileVersion: 10.0.19041.1081
  ERROR: LoadModule, GetLastError: 'Недостаточно ресурсов памяти для обработки этой команды.' (Address: 0000000000000000)
C:\WINDOWS\system32\wbem\fastprox.dll:fastprox.dll (00007FFCF7F60000), size: 1093632 (result: 8), SymType: '-unknown-', PDB: '', fileVersion: 10.0.19041.546
  ERROR: LoadModule, GetLastError: 'Недостаточно ресурсов памяти для обработки этой команды.' (Address: 0000000000000000)
C:\WINDOWS\SYSTEM32\amsi.dll:amsi.dll (00007FFCF7D50000), size: 102400 (result: 8), SymType: '-unknown-', PDB: '', fileVersion: 10.0.19041.746
  ERROR: LoadModule, GetLastError: 'Недостаточно ресурсов памяти для обработки этой команды.' (Address: 0000000000000000)
C:\WINDOWS\SYSTEM32\USERENV.dll:USERENV.dll (00007FFD15550000), size: 188416 (result: 8), SymType: '-unknown-', PDB: '', fileVersion: 10.0.19041.572
  ERROR: LoadModule, GetLastError: 'Недостаточно ресурсов памяти для обработки этой команды.' (Address: 0000000000000000)
C:\Program Files\ESET\ESET Smart Security\eamsi.dll:eamsi.dll (00007FFCF7D10000), size: 233472 (result: 8), SymType: '-unknown-', PDB: '', fileVersion: 10.24.19.0
  ERROR: LoadModule, GetLastError: 'Недостаточно ресурсов памяти для обработки этой команды.' (Address: 0000000000000000)
C:\WINDOWS\SYSTEM32\opencl.dll:opencl.dll (00007FFCEB0D0000), size: 131072 (result: 0), SymType: '-deferred-', PDB: '', fileVersion: 2.2.1.0
D:\Program Files\2020.3.28f1\Editor\radeonrays.dll:radeonrays.dll (00007FFCBA490000), size: 552960 (result: 0), SymType: '-deferred-', PDB: ''
D:\Program Files\2020.3.28f1\Editor\Data\MonoBleedingEdge\EmbedRuntime\mono-2.0-bdwgc.dll:mono-2.0-bdwgc.dll (00007FFCA3FF0000), size: 7794688 (result: 0), SymType: '-deferred-', PDB: ''
C:\WINDOWS\System32\PSAPI.DLL:PSAPI.DLL (00007FFD17D10000), size: 32768 (result: 8), SymType: '-unknown-', PDB: '', fileVersion: 10.0.19041.546
  ERROR: LoadModule, GetLastError: 'Недостаточно ресурсов памяти для обработки этой команды.' (Address: 0000000000000000)
C:\WINDOWS\SYSTEM32\dbghelp.dll:dbghelp.dll (00007FFD0A630000), size: 1982464 (result: 8), SymType: '-unknown-', PDB: '', fileVersion: 10.0.19041.867
  ERROR: LoadModule, GetLastError: 'Недостаточно ресурсов памяти для обработки этой команды.' (Address: 0000000000000000)
  ERROR: SymGetSymFromAddr64, GetLastError: 'Не найден указанный модуль.' (Address: 00007FFD15764F99)
0x00007FFD15764F99 (KERNELBASE) (function-name not available)
  ERROR: SymGetSymFromAddr64, GetLastError: 'Unknown error [-529697949]' (Address: 00007FFCA4006025)
0x00007FFCA4006025 (mono-2.0-bdwgc) (function-name not available)
  ERROR: SymGetSymFromAddr64, GetLastError: 'Unknown error [-529697949]' (Address: 00007FFCA3FF4D41)
0x00007FFCA3FF4D41 (mono-2.0-bdwgc) (function-name not available)
  ERROR: SymGetSymFromAddr64, GetLastError: 'Не найден указанный модуль.' (Address: 00007FFCA3FF4B22)
0x00007FFCA3FF4B22 (mono-2.0-bdwgc) (function-name not available)
  ERROR: SymGetSymFromAddr64, GetLastError: 'Не найден указанный модуль.' (Address: 00007FFCA3FF18C1)
0x00007FFCA3FF18C1 (mono-2.0-bdwgc) (function-name not available)
  ERROR: SymGetSymFromAddr64, GetLastError: 'Не найден указанный модуль.' (Address: 00007FFCA3FF217D)
0x00007FFCA3FF217D (mono-2.0-bdwgc) (function-name not available)
  ERROR: SymGetSymFromAddr64, GetLastError: 'Не найден указанный модуль.' (Address: 00007FFCA406435C)
0x00007FFCA406435C (mono-2.0-bdwgc) (function-name not available)
  ERROR: SymGetSymFromAddr64, GetLastError: 'Не найден указанный модуль.' (Address: 00007FF729C7E852)
0x00007FF729C7E852 (Unity) (function-name not available)
  ERROR: SymGetSymFromAddr64, GetLastError: 'Не найден указанный модуль.' (Address: 00007FF729C2C53D)
0x00007FF729C2C53D (Unity) (function-name not available)
  ERROR: SymGetSymFromAddr64, GetLastError: 'Не найден указанный модуль.' (Address: 00007FF729C526B3)
0x00007FF729C526B3 (Unity) (function-name not available)
  ERROR: SymGetSymFromAddr64, GetLastError: 'Unknown error [-529697949]' (Address: 00007FF729C48BE3)
0x00007FF729C48BE3 (Unity) (function-name not available)
  ERROR: SymGetSymFromAddr64, GetLastError: 'Unknown error [-529697949]' (Address: 00007FF729C50057)
0x00007FF729C50057 (Unity) (function-name not available)
  ERROR: SymGetSymFromAddr64, GetLastError: 'Unknown error [-529697949]' (Address: 00007FF72A951346)
0x00007FF72A951346 (Unity) (function-name not available)
  ERROR: SymGetSymFromAddr64, GetLastError: 'Не найден указанный модуль.' (Address: 00007FF72A655B31)
0x00007FF72A655B31 (Unity) (function-name not available)
  ERROR: SymGetSymFromAddr64, GetLastError: 'Не найден указанный модуль.' (Address: 00007FF72AAAB4F2)
0x00007FF72AAAB4F2 (Unity) (function-name not available)
  ERROR: SymGetSymFromAddr64, GetLastError: 'Не найден указанный модуль.' (Address: 00007FF72C13BD4E)
0x00007FF72C13BD4E (Unity) (function-name not available)
  ERROR: SymGetSymFromAddr64, GetLastError: 'Не найден указанный модуль.' (Address: 00007FFD17067034)
0x00007FFD17067034 (KERNEL32) (function-name not available)
  ERROR: SymGetSymFromAddr64, GetLastError: 'Не найден указанный модуль.' (Address: 00007FFD17F62651)
0x00007FFD17F62651 (ntdll) (function-name not available)

========== END OF STACKTRACE ===========

A crash has been intercepted by the crash handler. For call stack and other details, see the latest crash report generated in:
 * C:/Users/Zyf/AppData/Local/Temp/Unity/Editor/Crashes
